<?xml version="1.0" encoding="UTF-8"?>
<testng-results ignored="0" total="1" passed="1" failed="0" skipped="0">
  <reporter-output>
  </reporter-output>
  <suite started-at="2024-10-20T20:22:30 BST" name="Suite" finished-at="2024-10-20T20:23:08 BST" duration-ms="38120">
    <groups>
    </groups>
    <test started-at="2024-10-20T20:22:30 BST" name="Test" finished-at="2024-10-20T20:23:08 BST" duration-ms="38120">
      <class name="Regression.LoginTest">
        <test-method is-config="true" signature="Initalization()[pri:0, instance:Regression.LoginTest@4be29ed9]" started-at="2024-10-20T20:22:30 BST" name="Initalization" finished-at="2024-10-20T20:22:44 BST" duration-ms="14374" status="PASS">
          <reporter-output>
          </reporter-output>
        </test-method> <!-- Initalization -->
        <test-method signature="ValidateWithCorrectUN_PW()[pri:0, instance:Regression.LoginTest@4be29ed9]" started-at="2024-10-20T20:22:44 BST" name="ValidateWithCorrectUN_PW" finished-at="2024-10-20T20:23:07 BST" duration-ms="23128" status="PASS">
          <reporter-output>
          </reporter-output>
        </test-method> <!-- ValidateWithCorrectUN_PW -->
        <test-method is-config="true" signature="CleanuP()[pri:0, instance:Regression.LoginTest@4be29ed9]" started-at="2024-10-20T20:23:07 BST" name="CleanuP" finished-at="2024-10-20T20:23:08 BST" duration-ms="513" status="PASS">
          <reporter-output>
          </reporter-output>
        </test-method> <!-- CleanuP -->
      </class> <!-- Regression.LoginTest -->
    </test> <!-- Test -->
  </suite> <!-- Suite -->
</testng-results>
